<?xml version="1.0" encoding="UTF-8"?>
<!-- Generated by org.testng.reporters.JUnitXMLReporter -->
<testsuite ignored="4" hostname="Lenovo" failures="0" tests="2" name="Testrunner" time="125.037" errors="0" timestamp="2022-02-01T17:02:51 IST">
  <testcase classname="Com.crm.ContactTest.Contacttest" name="createcontactwithIndustrytest" time="53.08"/>
  <testcase classname="comcast_Organizationtest.Organizationtest" name="createOrgwithindustrytest" time="31.869"/>
  <testcase classname="Com.crm.GenericLib.Baseclass" name="@BeforeSuite configBS" time="0.0">
    <ignored/>
  </testcase> <!-- @BeforeSuite configBS -->
  <testcase classname="comcast_Organizationtest.Organizationtest" name="createOrgTest" time="0.0">
    <ignored/>
  </testcase> <!-- createOrgTest -->
  <testcase classname="Com.crm.ContactTest.Contacttest" name="createcontacttest" time="0.0">
    <ignored/>
  </testcase> <!-- createcontacttest -->
  <testcase classname="Com.crm.GenericLib.Baseclass" name="@AfterSuite configAS" time="0.0">
    <ignored/>
  </testcase> <!-- @AfterSuite configAS -->
</testsuite> <!-- Testrunner -->
