<?xml version="1.0" encoding="UTF-8"?>
<!-- Generated by org.testng.reporters.JUnitXMLReporter -->
<testsuite ignored="4" hostname="Lenovo" failures="0" tests="2" name="Test" time="197.109" errors="0" timestamp="2022-01-21T12:59:00 IST">
  <testcase classname="Com.crm.ContactTest.Contacttest" name="createcontacttest" time="60.922"/>
  <testcase classname="comcast_Organizationtest.Organizationtest" name="createOrgTest" time="54.688"/>
  <testcase classname="comcast_Organizationtest.Organizationtest" name="createOrgwithindustry" time="0.0">
    <ignored/>
  </testcase> <!-- createOrgwithindustry -->
  <testcase classname="Com.crm.GenericLib.Baseclass" name="@BeforeSuite configBS" time="0.0">
    <ignored/>
  </testcase> <!-- @BeforeSuite configBS -->
  <testcase classname="Com.crm.ContactTest.Contacttest" name="createcontactwithIndustry" time="0.0">
    <ignored/>
  </testcase> <!-- createcontactwithIndustry -->
  <testcase classname="Com.crm.GenericLib.Baseclass" name="@AfterSuite configAS" time="0.0">
    <ignored/>
  </testcase> <!-- @AfterSuite configAS -->
</testsuite> <!-- Test -->
