<?xml version="1.0" encoding="UTF-8"?>
<!-- Generated by org.testng.reporters.JUnitXMLReporter -->
<testsuite ignored="2" hostname="Lenovo" failures="2" tests="4" name="Test" time="251.03" errors="0" timestamp="2022-02-01T16:53:09 IST">
  <testcase classname="Com.crm.ContactTest.Contacttest" name="createcontacttest" time="58.731"/>
  <testcase classname="Com.crm.ContactTest.Contacttest" name="createcontactwithIndustrytest" time="50.425"/>
  <testcase classname="comcast_Organizationtest.Organizationtest" name="createOrgTest" time="14.016">
    <failure type="java.lang.AssertionError" message="expected [B] but found [A]">
      <![CDATA[java.lang.AssertionError: expected [B] but found [A]
at comcast_Organizationtest.Organizationtest.createOrgTest(Organizationtest.java:38)
at java.base/java.util.ArrayList.forEach(ArrayList.java:1511)
... Removed 33 stack frames]]>
    </failure>
  </testcase> <!-- createOrgTest -->
  <testcase classname="comcast_Organizationtest.Organizationtest" name="createOrgwithindustrytest" time="15.183">
    <failure type="java.lang.AssertionError" message="expected [B] but found [A]">
      <![CDATA[java.lang.AssertionError: expected [B] but found [A]
at comcast_Organizationtest.Organizationtest.createOrgwithindustrytest(Organizationtest.java:92)
at java.base/java.util.ArrayList.forEach(ArrayList.java:1511)
... Removed 33 stack frames]]>
    </failure>
  </testcase> <!-- createOrgwithindustrytest -->
  <testcase classname="Com.crm.GenericLib.Baseclass" name="@BeforeSuite configBS" time="0.0">
    <ignored/>
  </testcase> <!-- @BeforeSuite configBS -->
  <testcase classname="Com.crm.GenericLib.Baseclass" name="@AfterSuite configAS" time="0.0">
    <ignored/>
  </testcase> <!-- @AfterSuite configAS -->
</testsuite> <!-- Test -->
