<?xml version="1.0" encoding="UTF-8"?>
<testng-results ignored="4" total="6" passed="2" failed="0" skipped="0">
  <reporter-output>
  </reporter-output>
  <suite started-at="2022-02-01T17:00:45 IST" name="regressiontesst" finished-at="2022-02-01T17:02:50 IST" duration-ms="125037">
    <groups>
      <group name="regressiontest">
        <method signature="Contacttest.createcontactwithIndustrytest()[pri:0, instance:Com.crm.ContactTest.Contacttest@619713e5]" name="createcontactwithIndustrytest" class="Com.crm.ContactTest.Contacttest"/>
        <method signature="Organizationtest.createOrgwithindustrytest()[pri:0, instance:comcast_Organizationtest.Organizationtest@16ec5519]" name="createOrgwithindustrytest" class="comcast_Organizationtest.Organizationtest"/>
      </group> <!-- regressiontest -->
    </groups>
    <test started-at="2022-02-01T17:00:45 IST" name="Testrunner" finished-at="2022-02-01T17:02:50 IST" duration-ms="125037">
      <class name="Com.crm.ContactTest.Contacttest">
        <test-method is-config="true" signature="configBS()[pri:0, instance:Com.crm.ContactTest.Contacttest@619713e5]" started-at="2022-02-01T17:00:45 IST" name="configBS" finished-at="2022-02-01T17:00:45 IST" duration-ms="28" status="PASS">
          <reporter-output>
          </reporter-output>
        </test-method> <!-- configBS -->
        <test-method is-config="true" signature="configBC()[pri:0, instance:Com.crm.ContactTest.Contacttest@619713e5]" started-at="2022-02-01T17:00:45 IST" name="configBC" finished-at="2022-02-01T17:00:54 IST" duration-ms="8327" status="PASS">
          <reporter-output>
          </reporter-output>
        </test-method> <!-- configBC -->
        <test-method is-config="true" signature="configBM()[pri:0, instance:Com.crm.ContactTest.Contacttest@619713e5]" started-at="2022-02-01T17:00:54 IST" name="configBM" finished-at="2022-02-01T17:01:01 IST" duration-ms="7705" status="PASS">
          <reporter-output>
          </reporter-output>
        </test-method> <!-- configBM -->
        <test-method signature="createcontactwithIndustrytest()[pri:0, instance:Com.crm.ContactTest.Contacttest@619713e5]" started-at="2022-02-01T17:01:01 IST" name="createcontactwithIndustrytest" finished-at="2022-02-01T17:01:55 IST" duration-ms="53080" status="PASS">
          <reporter-output>
          </reporter-output>
        </test-method> <!-- createcontactwithIndustrytest -->
        <test-method is-config="true" signature="configAM()[pri:0, instance:Com.crm.ContactTest.Contacttest@619713e5]" started-at="2022-02-01T17:01:55 IST" name="configAM" finished-at="2022-02-01T17:01:58 IST" duration-ms="3597" status="PASS">
          <reporter-output>
          </reporter-output>
        </test-method> <!-- configAM -->
        <test-method is-config="true" signature="configAC()[pri:0, instance:Com.crm.ContactTest.Contacttest@619713e5]" started-at="2022-02-01T17:01:58 IST" name="configAC" finished-at="2022-02-01T17:01:59 IST" duration-ms="762" status="PASS">
          <reporter-output>
          </reporter-output>
        </test-method> <!-- configAC -->
        <test-method is-config="true" signature="configAS()[pri:0, instance:Com.crm.ContactTest.Contacttest@619713e5]" started-at="2022-02-01T17:02:51 IST" name="configAS" finished-at="2022-02-01T17:02:51 IST" duration-ms="1" status="PASS">
          <reporter-output>
          </reporter-output>
        </test-method> <!-- configAS -->
      </class> <!-- Com.crm.ContactTest.Contacttest -->
      <class name="comcast_Organizationtest.Organizationtest">
        <test-method is-config="true" signature="configBC()[pri:0, instance:comcast_Organizationtest.Organizationtest@16ec5519]" started-at="2022-02-01T17:01:59 IST" name="configBC" finished-at="2022-02-01T17:02:06 IST" duration-ms="7470" status="PASS">
          <reporter-output>
          </reporter-output>
        </test-method> <!-- configBC -->
        <test-method is-config="true" signature="configBM()[pri:0, instance:comcast_Organizationtest.Organizationtest@16ec5519]" started-at="2022-02-01T17:02:06 IST" name="configBM" finished-at="2022-02-01T17:02:14 IST" duration-ms="7835" status="PASS">
          <reporter-output>
          </reporter-output>
        </test-method> <!-- configBM -->
        <test-method signature="createOrgwithindustrytest()[pri:0, instance:comcast_Organizationtest.Organizationtest@16ec5519]" started-at="2022-02-01T17:02:14 IST" name="createOrgwithindustrytest" finished-at="2022-02-01T17:02:46 IST" duration-ms="31869" status="PASS">
          <reporter-output>
          </reporter-output>
        </test-method> <!-- createOrgwithindustrytest -->
        <test-method is-config="true" signature="configAM()[pri:0, instance:comcast_Organizationtest.Organizationtest@16ec5519]" started-at="2022-02-01T17:02:46 IST" name="configAM" finished-at="2022-02-01T17:02:50 IST" duration-ms="3470" status="PASS">
          <reporter-output>
          </reporter-output>
        </test-method> <!-- configAM -->
        <test-method is-config="true" signature="configAC()[pri:0, instance:comcast_Organizationtest.Organizationtest@16ec5519]" started-at="2022-02-01T17:02:50 IST" name="configAC" finished-at="2022-02-01T17:02:50 IST" duration-ms="789" status="PASS">
          <reporter-output>
          </reporter-output>
        </test-method> <!-- configAC -->
      </class> <!-- comcast_Organizationtest.Organizationtest -->
    </test> <!-- Testrunner -->
  </suite> <!-- regressiontesst -->
</testng-results>
