<?xml version="1.0" encoding="UTF-8"?>
<!-- Generated by org.testng.reporters.JUnitXMLReporter -->
<testsuite ignored="4" hostname="Lenovo" failures="0" tests="2" name="Testrunner1" time="153.741" errors="0" timestamp="2022-01-21T13:28:26 IST">
  <testcase classname="Com.crm.ContactTest.Contacttest" name="createcontacttest" time="53.8"/>
  <testcase classname="comcast_Organizationtest.Organizationtest" name="createOrgwithindustry" time="28.251"/>
  <testcase classname="Com.crm.GenericLib.Baseclass" name="@BeforeSuite configBS" time="0.0">
    <ignored/>
  </testcase> <!-- @BeforeSuite configBS -->
  <testcase classname="comcast_Organizationtest.Organizationtest" name="createOrgTest" time="0.0">
    <ignored/>
  </testcase> <!-- createOrgTest -->
  <testcase classname="Com.crm.ContactTest.Contacttest" name="createcontactwithIndustry" time="0.0">
    <ignored/>
  </testcase> <!-- createcontactwithIndustry -->
  <testcase classname="Com.crm.GenericLib.Baseclass" name="@AfterSuite configAS" time="0.0">
    <ignored/>
  </testcase> <!-- @AfterSuite configAS -->
</testsuite> <!-- Testrunner1 -->
